This is pdfeTeX, Version 3.141592-1.21a-2.2 (Web2C 7.5.4) (format=latex 2008.6.26)  7 JUN 2010 16:09
entering extended mode
**Paper.tex
(./Paper.tex
LaTeX2e <2003/12/01>
Babel <v3.8d> and hyphenation patterns for american, french, german, ngerman, b
ahasa, basque, bulgarian, catalan, croatian, czech, danish, dutch, esperanto, e
stonian, finnish, greek, icelandic, irish, italian, latin, magyar, norsk, polis
h, portuges, romanian, russian, serbian, slovak, slovene, spanish, swedish, tur
kish, ukrainian, nohyphenation, loaded.
(./ieeeconf.cls

LaTeX Warning: You have requested document class `ieeeconf',
               but the document class provides `cssconf'.

Document Class: cssconf 2004/1/15 revision V1.6b by Pradeep Misra
\@IEEEtrantmpdimenA=\dimen102
\@IEEEtrantmpdimenB=\dimen103
\@IEEEtrantmpcountA=\count79
\@IEEEtrantmpcountB=\count80
\@IEEEtrantmptoksA=\toks14
LaTeX Font Info:    Try loading font information for OT1+ptm on input line 792.

(/usr/share/texmf-tetex/tex/latex/psnfss/ot1ptm.fd
File: ot1ptm.fd 2001/06/04 font definitions for OT1/ptm.
)
\@IEEEnormalsizefontbaselineskip=\skip41

-- This is a 10 point document.
\normalsizebaselineskip=\skip42
\normaljot=\skip43
LaTeX Font Info:    Font shape `OT1/ptm/bx/n' in size <5> not available
(Font)              Font shape `OT1/ptm/b/n' tried instead on input line 1111.
LaTeX Font Info:    Font shape `OT1/ptm/bx/it' in size <5> not available
(Font)              Font shape `OT1/ptm/b/it' tried instead on input line 1111.

LaTeX Font Info:    Font shape `OT1/ptm/bx/n' in size <7> not available
(Font)              Font shape `OT1/ptm/b/n' tried instead on input line 1111.
LaTeX Font Info:    Font shape `OT1/ptm/bx/it' in size <7> not available
(Font)              Font shape `OT1/ptm/b/it' tried instead on input line 1111.

LaTeX Font Info:    Font shape `OT1/ptm/bx/n' in size <8> not available
(Font)              Font shape `OT1/ptm/b/n' tried instead on input line 1111.
LaTeX Font Info:    Font shape `OT1/ptm/bx/it' in size <8> not available
(Font)              Font shape `OT1/ptm/b/it' tried instead on input line 1111.

LaTeX Font Info:    Font shape `OT1/ptm/bx/n' in size <9> not available
(Font)              Font shape `OT1/ptm/b/n' tried instead on input line 1111.
LaTeX Font Info:    Font shape `OT1/ptm/bx/it' in size <9> not available
(Font)              Font shape `OT1/ptm/b/it' tried instead on input line 1111.

LaTeX Font Info:    Font shape `OT1/ptm/bx/n' in size <10> not available
(Font)              Font shape `OT1/ptm/b/n' tried instead on input line 1111.
LaTeX Font Info:    Font shape `OT1/ptm/bx/it' in size <10> not available
(Font)              Font shape `OT1/ptm/b/it' tried instead on input line 1111.

LaTeX Font Info:    Font shape `OT1/ptm/bx/n' in size <11> not available
(Font)              Font shape `OT1/ptm/b/n' tried instead on input line 1111.
LaTeX Font Info:    Font shape `OT1/ptm/bx/it' in size <11> not available
(Font)              Font shape `OT1/ptm/b/it' tried instead on input line 1111.

LaTeX Font Info:    Font shape `OT1/ptm/bx/n' in size <12> not available
(Font)              Font shape `OT1/ptm/b/n' tried instead on input line 1111.
LaTeX Font Info:    Font shape `OT1/ptm/bx/it' in size <12> not available
(Font)              Font shape `OT1/ptm/b/it' tried instead on input line 1111.

LaTeX Font Info:    Font shape `OT1/ptm/bx/n' in size <16> not available
(Font)              Font shape `OT1/ptm/b/n' tried instead on input line 1111.
LaTeX Font Info:    Font shape `OT1/ptm/bx/it' in size <16> not available
(Font)              Font shape `OT1/ptm/b/it' tried instead on input line 1111.

LaTeX Font Info:    Font shape `OT1/ptm/bx/n' in size <20> not available
(Font)              Font shape `OT1/ptm/b/n' tried instead on input line 1111.
LaTeX Font Info:    Font shape `OT1/ptm/bx/it' in size <20> not available
(Font)              Font shape `OT1/ptm/b/it' tried instead on input line 1111.

LaTeX Font Info:    Font shape `OT1/ptm/bx/n' in size <24> not available
(Font)              Font shape `OT1/ptm/b/n' tried instead on input line 1111.
LaTeX Font Info:    Font shape `OT1/ptm/bx/it' in size <24> not available
(Font)              Font shape `OT1/ptm/b/it' tried instead on input line 1111.

\IEEEilabelindentA=\dimen104
\IEEEilabelindentB=\dimen105
\IEEEilabelindent=\dimen106
\IEEEelabelindent=\dimen107
\IEEEdlabelindent=\dimen108
\labelindent=\dimen109
\IEEEiednormlabelsep=\dimen110
\IEEEiedmathlabelsep=\dimen111
\IEEEiedtopsep=\skip44
\c@section=\count81
\c@subsection=\count82
\c@subsubsection=\count83
\c@paragraph=\count84
\c@IEEEsubequation=\count85
\abovecaptionskip=\skip45
\belowcaptionskip=\skip46
\c@figure=\count86
\c@table=\count87
\@IEEEeqnnumcols=\count88
\@IEEEeqncolcnt=\count89
\@IEEEtmpitemindent=\dimen112
\c@biography=\count90
\@IEEEtranrubishbin=\box26
) (/usr/share/texmf-tetex/tex/generic/epsf/epsf.tex
This is `epsf.tex' v2.7k <10 July 1997>
\epsffilein=\read1
\epsfframemargin=\dimen113
\epsfframethickness=\dimen114
\epsfrsize=\dimen115
\epsftmp=\dimen116
\epsftsize=\dimen117
\epsfxsize=\dimen118
\epsfysize=\dimen119
\pspoints=\dimen120
\epsfnoopenhelp=\toks15
) (/usr/share/texmf-tetex/tex/latex/graphics/graphicx.sty
Package: graphicx 1999/02/16 v1.0f Enhanced LaTeX Graphics (DPC,SPQR)

(/usr/share/texmf-tetex/tex/latex/graphics/keyval.sty
Package: keyval 1999/03/16 v1.13 key=value parser (DPC)
\KV@toks@=\toks16
)
(/usr/share/texmf-tetex/tex/latex/graphics/graphics.sty
Package: graphics 2001/07/07 v1.0n Standard LaTeX Graphics (DPC,SPQR)

(/usr/share/texmf-tetex/tex/latex/graphics/trig.sty
Package: trig 1999/03/16 v1.09 sin cos tan (DPC)
)
(/usr/share/texmf-tetex/tex/latex/graphics/graphics.cfg
File: graphics.cfg 2005/02/03 v1.3 graphics configuration of teTeX/TeXLive
)
Package graphics Info: Driver file: dvips.def on input line 80.

(/usr/share/texmf-tetex/tex/latex/graphics/dvips.def
File: dvips.def 1999/02/16 v3.0i Driver-dependant file (DPC,SPQR)
))
\Gin@req@height=\dimen121
\Gin@req@width=\dimen122
)
(/usr/share/texmf-tetex/tex/latex/base/latexsym.sty
Package: latexsym 1998/08/17 v2.2e Standard LaTeX package (lasy symbols)
\symlasy=\mathgroup4
LaTeX Font Info:    Overwriting symbol font `lasy' in version `bold'
(Font)                  U/lasy/m/n --> U/lasy/b/n on input line 47.
)
(/usr/share/texmf-tetex/tex/latex/amsfonts/amssymb.sty
Package: amssymb 2002/01/22 v2.2d

(/usr/share/texmf-tetex/tex/latex/amsfonts/amsfonts.sty
Package: amsfonts 2001/10/25 v2.2f
\@emptytoks=\toks17
\symAMSa=\mathgroup5
\symAMSb=\mathgroup6
LaTeX Font Info:    Overwriting math alphabet `\mathfrak' in version `bold'
(Font)                  U/euf/m/n --> U/euf/b/n on input line 132.
))
(/usr/share/texmf-tetex/tex/latex/amsmath/amsmath.sty
Package: amsmath 2000/07/18 v2.13 AMS math features
\@mathmargin=\skip47

For additional information on amsmath, use the `?' option.
(/usr/share/texmf-tetex/tex/latex/amsmath/amstext.sty
Package: amstext 2000/06/29 v2.01

(/usr/share/texmf-tetex/tex/latex/amsmath/amsgen.sty
File: amsgen.sty 1999/11/30 v2.0
\@emptytoks=\toks18
\ex@=\dimen123
))
(/usr/share/texmf-tetex/tex/latex/amsmath/amsbsy.sty
Package: amsbsy 1999/11/29 v1.2d
\pmbraise@=\dimen124
)
(/usr/share/texmf-tetex/tex/latex/amsmath/amsopn.sty
Package: amsopn 1999/12/14 v2.01 operator names
)
\inf@bad=\count91
LaTeX Info: Redefining \frac on input line 211.
\uproot@=\count92
\leftroot@=\count93
LaTeX Info: Redefining \overline on input line 307.
\classnum@=\count94
\DOTSCASE@=\count95
LaTeX Info: Redefining \ldots on input line 379.
LaTeX Info: Redefining \dots on input line 382.
LaTeX Info: Redefining \cdots on input line 467.
\Mathstrutbox@=\box27
\strutbox@=\box28
\big@size=\dimen125
LaTeX Font Info:    Redeclaring font encoding OML on input line 567.
LaTeX Font Info:    Redeclaring font encoding OMS on input line 568.
\macc@depth=\count96
\c@MaxMatrixCols=\count97
\dotsspace@=\muskip10
\c@parentequation=\count98
\dspbrk@lvl=\count99
\tag@help=\toks19
\row@=\count100
\column@=\count101
\maxfields@=\count102
\andhelp@=\toks20
\eqnshift@=\dimen126
\alignsep@=\dimen127
\tagshift@=\dimen128
\tagwidth@=\dimen129
\totwidth@=\dimen130
\lineht@=\dimen131
\@envbody=\toks21
\multlinegap=\skip48
\multlinetaggap=\skip49
\mathdisplay@stack=\toks22
LaTeX Info: Redefining \[ on input line 2666.
LaTeX Info: Redefining \] on input line 2667.
)
(/usr/share/texmf-tetex/tex/latex/url/url.sty
\Urlmuskip=\muskip11
Package: url 2004/03/15  ver 3.1  Verb mode for urls, etc.
)
** ATTENTION: Overriding IEEE standard margins (line 16).
(./Paper.aux)
\openout1 = `Paper.aux'.

LaTeX Font Info:    Checking defaults for OML/cmm/m/it on input line 61.
LaTeX Font Info:    ... okay on input line 61.
LaTeX Font Info:    Checking defaults for T1/cmr/m/n on input line 61.
LaTeX Font Info:    ... okay on input line 61.
LaTeX Font Info:    Checking defaults for OT1/cmr/m/n on input line 61.
LaTeX Font Info:    ... okay on input line 61.
LaTeX Font Info:    Checking defaults for OMS/cmsy/m/n on input line 61.
LaTeX Font Info:    ... okay on input line 61.
LaTeX Font Info:    Checking defaults for OMX/cmex/m/n on input line 61.
LaTeX Font Info:    ... okay on input line 61.
LaTeX Font Info:    Checking defaults for U/cmr/m/n on input line 61.
LaTeX Font Info:    ... okay on input line 61.
LaTeX Font Info:    Try loading font information for U+lasy on input line 112.
 (/usr/share/texmf-tetex/tex/latex/base/ulasy.fd
File: ulasy.fd 1998/08/17 v2.2e LaTeX symbol font definitions
)
LaTeX Font Info:    Try loading font information for U+msa on input line 112.

(/usr/share/texmf-tetex/tex/latex/amsfonts/umsa.fd
File: umsa.fd 2002/01/19 v2.2g AMS font definitions
)
LaTeX Font Info:    Try loading font information for U+msb on input line 112.

(/usr/share/texmf-tetex/tex/latex/amsfonts/umsb.fd
File: umsb.fd 2002/01/19 v2.2g AMS font definitions
) [1


]
File: figures/road_scene_example.eps Graphic file (type eps)

<figures/road_scene_example.eps>
File: figures/road_scene_example_segmented.eps Graphic file (type eps)
 <figures/road_scene_example_segmented.eps>
File: figures/Lenna.png Graphic file (type eps)

<figures/Lenna.png>
File: figures/edge_potential_lenna.png Graphic file (type eps)
 <figures/edge_potential_lenna.png> [2]
File: figures/textonboost_results.png Graphic file (type eps)

<figures/textonboost_results.png> [3]
File: figures/tex_lay_a.eps Graphic file (type eps)
 <figures/tex_lay_a.eps>
File: figures/tex_lay_c.eps Graphic file (type eps)

<figures/tex_lay_c.eps>
File: figures/tex_lay_e.eps Graphic file (type eps)
 <figures/tex_lay_e.eps>
Overfull \hbox (3.78491pt too wide) in paragraph at lines 307--315
 [][] 
 []

[4]
File: figures/segmentation_quality_x_weak_classifiers_error.png Graphic file (t
ype eps)
 <figures/segmentation_quality_x_weak_classifiers_error.png>
File: figures/segmentation_quality_x_weak_classifiers_accuracy.png Graphic file
 (type eps)

<figures/segmentation_quality_x_weak_classifiers_accuracy.png>
File: figures/influence_of_potentials_a.png Graphic file (type eps)

<figures/influence_of_potentials_a.png>
File: figures/influence_of_potentials_c.png Graphic file (type eps)

<figures/influence_of_potentials_c.png>
File: figures/influence_of_potentials_b.png Graphic file (type eps)

<figures/influence_of_potentials_b.png>
File: figures/influence_of_potentials_f.png Graphic file (type eps)

<figures/influence_of_potentials_f.png>
File: figures/examples_4_c_1_original.png Graphic file (type eps)
 <figures/examples_4_c_1_original.png>
File: figures/examples_4_c_1_label.png Graphic file (type eps)

<figures/examples_4_c_1_label.png>
File: figures/examples_4_c_1_segmentation.png Graphic file (type eps)
 <figures/examples_4_c_1_segmentation.png>
File: figures/examples_4_c_2_original.png Graphic file (type eps)

<figures/examples_4_c_2_original.png>
File: figures/examples_4_c_2_label.png Graphic file (type eps)
 <figures/examples_4_c_2_label.png>
File: figures/examples_4_c_2_segmentation.png Graphic file (type eps)

<figures/examples_4_c_2_segmentation.png>
File: figures/examples_4_c_6_original.png Graphic file (type eps)

<figures/examples_4_c_6_original.png>
File: figures/examples_4_c_6_label.png Graphic file (type eps)
 <figures/examples_4_c_6_label.png>
File: figures/examples_4_c_6_segmentation.png Graphic file (type eps)

<figures/examples_4_c_6_segmentation.png>
File: figures/examples_11_c_1_original.png Graphic file (type eps)

<figures/examples_11_c_1_original.png>
File: figures/examples_11_c_1_label.png Graphic file (type eps)
 <figures/examples_11_c_1_label.png>
File: figures/examples_11_c_1_segmentation.png Graphic file (type eps)

<figures/examples_11_c_1_segmentation.png>
File: figures/examples_11_c_4_original.png Graphic file (type eps)

<figures/examples_11_c_4_original.png>
File: figures/examples_11_c_4_label.png Graphic file (type eps)
 <figures/examples_11_c_4_label.png>
File: figures/examples_11_c_4_segmentation.png Graphic file (type eps)

<figures/examples_11_c_4_segmentation.png>
File: figures/examples_11_c_5_original.png Graphic file (type eps)

<figures/examples_11_c_5_original.png>
File: figures/examples_11_c_5_label.png Graphic file (type eps)
 <figures/examples_11_c_5_label.png>
File: figures/examples_11_c_5_segmentation.png Graphic file (type eps)

<figures/examples_11_c_5_segmentation.png> [5]
File: figures/depth_adaptive_scaling.png Graphic file (type eps)

<figures/depth_adaptive_scaling.png> (./Paper.bbl
LaTeX Font Info:    Try loading font information for OT1+pcr on input line 32.

(/usr/share/texmf-tetex/tex/latex/psnfss/ot1pcr.fd
File: ot1pcr.fd 2001/06/04 font definitions for OT1/pcr.
)
Underfull \hbox (badness 10000) in paragraph at lines 28--33
\OT1/pcr/m/n/8 mil / GRANDCHALLENGE / docs / Urban[]Challenge[]Rules[]
 []

)

** Conference Paper **
Before submitting the final camera ready copy, remember to:

 1. Manually equalize the lengths of two columns on the last page
 of your paper;

 2. Ensure that any PostScript and/or PDF output post-processing
 uses only Type 1 fonts and that every step in the generation
 process uses the US letter (8.5in X 11in) paper size.

[6] (./Paper.aux) ) 
Here is how much of TeX's memory you used:
 2310 strings out of 94501
 32691 string characters out of 1175794
 86129 words of memory out of 1000000
 5432 multiletter control sequences out of 10000+50000
 32495 words of font info for 85 fonts, out of 500000 for 2000
 580 hyphenation exceptions out of 8191
 27i,15n,24p,1354b,330s stack positions out of 1500i,500n,5000p,200000b,5000s

Output written on Paper.dvi (6 pages, 48492 bytes).
